running egg_info
writing ../../build/my_bot/my_bot.egg-info/PKG-INFO
writing dependency_links to ../../build/my_bot/my_bot.egg-info/dependency_links.txt
writing entry points to ../../build/my_bot/my_bot.egg-info/entry_points.txt
writing requirements to ../../build/my_bot/my_bot.egg-info/requires.txt
writing top-level names to ../../build/my_bot/my_bot.egg-info/top_level.txt
reading manifest file '../../build/my_bot/my_bot.egg-info/SOURCES.txt'
adding license file 'LICENSE.md'
writing manifest file '../../build/my_bot/my_bot.egg-info/SOURCES.txt'
running build
running build_py
running install
running install_lib
running install_data
running install_egg_info
removing '/home/cagatay/Desktop/dev_ws/install/my_bot/lib/python3.10/site-packages/my_bot-0.0.0-py3.10.egg-info' (and everything under it)
Copying ../../build/my_bot/my_bot.egg-info to /home/cagatay/Desktop/dev_ws/install/my_bot/lib/python3.10/site-packages/my_bot-0.0.0-py3.10.egg-info
running install_scripts
Installing astar_planner script to /home/cagatay/Desktop/dev_ws/install/my_bot/bin
Installing go_to_point script to /home/cagatay/Desktop/dev_ws/install/my_bot/bin
Installing path_follower script to /home/cagatay/Desktop/dev_ws/install/my_bot/bin
writing list of installed files to '/home/cagatay/Desktop/dev_ws/build/my_bot/install.log'
