[0.308s] Invoking command in '/home/cagatay/Desktop/dev_ws/src/my_bot': PYTHONPATH=/home/cagatay/Desktop/dev_ws/build/my_bot/prefix_override:/usr/lib/python3/dist-packages/colcon_core/task/python/colcon_distutils_commands:/home/cagatay/Desktop/dev_ws/install/my_bot/lib/python3.10/site-packages:${PYTHONPATH} /usr/bin/python3 -W ignore:setup.py install is deprecated -W ignore:easy_install command is deprecated setup.py egg_info --egg-base ../../build/my_bot build --build-base /home/cagatay/Desktop/dev_ws/build/my_bot/build install --record /home/cagatay/Desktop/dev_ws/build/my_bot/install.log --single-version-externally-managed install_data
[0.429s] running egg_info
[0.429s] writing ../../build/my_bot/my_bot.egg-info/PKG-INFO
[0.429s] writing dependency_links to ../../build/my_bot/my_bot.egg-info/dependency_links.txt
[0.429s] writing entry points to ../../build/my_bot/my_bot.egg-info/entry_points.txt
[0.429s] writing requirements to ../../build/my_bot/my_bot.egg-info/requires.txt
[0.429s] writing top-level names to ../../build/my_bot/my_bot.egg-info/top_level.txt
[0.430s] reading manifest file '../../build/my_bot/my_bot.egg-info/SOURCES.txt'
[0.430s] adding license file 'LICENSE.md'
[0.431s] writing manifest file '../../build/my_bot/my_bot.egg-info/SOURCES.txt'
[0.431s] running build
[0.431s] running build_py
[0.431s] running install
[0.431s] running install_lib
[0.431s] running install_data
[0.432s] running install_egg_info
[0.433s] removing '/home/cagatay/Desktop/dev_ws/install/my_bot/lib/python3.10/site-packages/my_bot-0.0.0-py3.10.egg-info' (and everything under it)
[0.433s] Copying ../../build/my_bot/my_bot.egg-info to /home/cagatay/Desktop/dev_ws/install/my_bot/lib/python3.10/site-packages/my_bot-0.0.0-py3.10.egg-info
[0.433s] running install_scripts
[0.444s] Installing astar_planner script to /home/cagatay/Desktop/dev_ws/install/my_bot/bin
[0.444s] Installing go_to_point script to /home/cagatay/Desktop/dev_ws/install/my_bot/bin
[0.444s] Installing path_follower script to /home/cagatay/Desktop/dev_ws/install/my_bot/bin
[0.444s] writing list of installed files to '/home/cagatay/Desktop/dev_ws/build/my_bot/install.log'
[0.457s] Invoked command in '/home/cagatay/Desktop/dev_ws/src/my_bot' returned '0': PYTHONPATH=/home/cagatay/Desktop/dev_ws/build/my_bot/prefix_override:/usr/lib/python3/dist-packages/colcon_core/task/python/colcon_distutils_commands:/home/cagatay/Desktop/dev_ws/install/my_bot/lib/python3.10/site-packages:${PYTHONPATH} /usr/bin/python3 -W ignore:setup.py install is deprecated -W ignore:easy_install command is deprecated setup.py egg_info --egg-base ../../build/my_bot build --build-base /home/cagatay/Desktop/dev_ws/build/my_bot/build install --record /home/cagatay/Desktop/dev_ws/build/my_bot/install.log --single-version-externally-managed install_data
